<?xml version="1.0" encoding="UTF-8"?>
<!-- Generated by org.testng.reporters.JUnitReportReporter -->
<testsuite hostname="Liam" failures="0" tests="11" name="fuelbuddyAutomationTest.RegistrationScreenTest" time="78.284" errors="0" timestamp="2024-03-03T16:58:12 GMT" skipped="0">
  <testcase classname="fuelbuddyAutomationTest.RegistrationScreenTest" name="testFuelBuddyLogo" time="6.804"/>
  <system-out/>
  <testcase classname="fuelbuddyAutomationTest.RegistrationScreenTest" name="testLoginToggleButtonDisplayed" time="6.904"/>
  <system-out/>
  <testcase classname="fuelbuddyAutomationTest.RegistrationScreenTest" name="testLoginToggleButtonClick" time="7.798"/>
  <system-out/>
  <testcase classname="fuelbuddyAutomationTest.RegistrationScreenTest" name="testNameFieldText" time="7.070"/>
  <system-out/>
  <testcase classname="fuelbuddyAutomationTest.RegistrationScreenTest" name="testNameFieldDisplayed" time="7.232"/>
  <system-out/>
  <testcase classname="fuelbuddyAutomationTest.RegistrationScreenTest" name="testUsernameFieldText" time="7.063"/>
  <system-out/>
  <testcase classname="fuelbuddyAutomationTest.RegistrationScreenTest" name="testUsernameFieldDisplayed" time="7.051"/>
  <system-out/>
  <testcase classname="fuelbuddyAutomationTest.RegistrationScreenTest" name="testPhoneNumberFieldText" time="7.100"/>
  <system-out/>
  <testcase classname="fuelbuddyAutomationTest.RegistrationScreenTest" name="testPhoneNumberFieldDisplayed" time="7.119"/>
  <system-out/>
  <testcase classname="fuelbuddyAutomationTest.RegistrationScreenTest" name="testPhoneNumberPrefixFieldDisaplys" time="7.209"/>
  <system-out/>
  <testcase classname="fuelbuddyAutomationTest.RegistrationScreenTest" name="testPhoneNumberPrefixFieldText" time="6.934"/>
  <system-out/>
</testsuite> <!-- fuelbuddyAutomationTest.RegistrationScreenTest -->
