<?xml version="1.0" encoding="UTF-8"?>
<!-- Generated by org.testng.reporters.JUnitReportReporter -->
<testsuite hostname="Liam" failures="0" tests="7" name="fuelbuddyAutomationTest.WelcomeScreenTest" time="38.125" errors="0" timestamp="2024-04-01T18:32:59 IST" skipped="0">
  <testcase classname="fuelbuddyAutomationTest.WelcomeScreenTest" name="testFuelBuddyLogo" time="5.322"/>
  <system-out/>
  <testcase classname="fuelbuddyAutomationTest.WelcomeScreenTest" name="testWelcomeText" time="5.059"/>
  <system-out/>
  <testcase classname="fuelbuddyAutomationTest.WelcomeScreenTest" name="testWelcomeSloganText" time="5.211"/>
  <system-out/>
  <testcase classname="fuelbuddyAutomationTest.WelcomeScreenTest" name="testFuelStationImage" time="5.215"/>
  <system-out/>
  <testcase classname="fuelbuddyAutomationTest.WelcomeScreenTest" name="testGetStartedButtonDisplay" time="5.225"/>
  <system-out/>
  <testcase classname="fuelbuddyAutomationTest.WelcomeScreenTest" name="testGetStartedText" time="5.198"/>
  <system-out/>
  <testcase classname="fuelbuddyAutomationTest.WelcomeScreenTest" name="testClickGetStartedButton" time="6.895"/>
  <system-out/>
</testsuite> <!-- fuelbuddyAutomationTest.WelcomeScreenTest -->
