<?xml version="1.0" encoding="UTF-8"?>
<!-- Generated by org.testng.reporters.JUnitReportReporter -->
<testsuite hostname="Liam" failures="0" tests="16" name="fuelbuddyAutomationTest.RegistrationScreenTest" time="110.169" errors="2" timestamp="2024-03-18T13:58:55 GMT" skipped="0">
  <testcase classname="fuelbuddyAutomationTest.RegistrationScreenTest" name="testFuelBuddyLogo" time="6.240"/>
  <system-out/>
  <testcase classname="fuelbuddyAutomationTest.RegistrationScreenTest" name="testLoginToggleButtonDisplayed" time="8.149"/>
  <system-out/>
  <testcase classname="fuelbuddyAutomationTest.RegistrationScreenTest" name="testLoginToggleButtonClick" time="6.951">
    <error message="Can not set io.appium.java_client.MobileElement field fuelbuddyAutomation.LoginScreen.getStartedButton to jdk.proxy2.$Proxy13" type="java.lang.IllegalArgumentException">
      <![CDATA[java.lang.IllegalArgumentException: Can not set io.appium.java_client.MobileElement field fuelbuddyAutomation.LoginScreen.getStartedButton to jdk.proxy2.$Proxy13
at java.base/jdk.internal.reflect.UnsafeFieldAccessorImpl.throwSetIllegalArgumentException(UnsafeFieldAccessorImpl.java:167)
at java.base/jdk.internal.reflect.UnsafeFieldAccessorImpl.throwSetIllegalArgumentException(UnsafeFieldAccessorImpl.java:171)
at java.base/jdk.internal.reflect.UnsafeObjectFieldAccessorImpl.set(UnsafeObjectFieldAccessorImpl.java:81)
at java.base/java.lang.reflect.Field.set(Field.java:799)
at org.openqa.selenium.support.PageFactory.proxyFields(PageFactory.java:117)
at org.openqa.selenium.support.PageFactory.initElements(PageFactory.java:105)
at org.openqa.selenium.support.PageFactory.initElements(PageFactory.java:92)
at org.openqa.selenium.support.PageFactory.initElements(PageFactory.java:79)
at fuelbuddyAutomation.LoginScreen.<init>(LoginScreen.java:21)
at fuelbuddyAutomationTest.RegistrationScreenTest.testLoginToggleButtonClick(RegistrationScreenTest.java:44)
at java.base/jdk.internal.reflect.NativeMethodAccessorImpl.invoke0(Native Method)
at java.base/jdk.internal.reflect.NativeMethodAccessorImpl.invoke(NativeMethodAccessorImpl.java:77)
at java.base/jdk.internal.reflect.DelegatingMethodAccessorImpl.invoke(DelegatingMethodAccessorImpl.java:43)
at java.base/java.lang.reflect.Method.invoke(Method.java:568)
at org.testng.internal.MethodInvocationHelper.invokeMethod(MethodInvocationHelper.java:133)
at org.testng.internal.TestInvoker.invokeMethod(TestInvoker.java:598)
at org.testng.internal.TestInvoker.invokeTestMethod(TestInvoker.java:173)
at org.testng.internal.MethodRunner.runInSequence(MethodRunner.java:46)
at org.testng.internal.TestInvoker$MethodInvocationAgent.invoke(TestInvoker.java:824)
at org.testng.internal.TestInvoker.invokeTestMethods(TestInvoker.java:146)
at org.testng.internal.TestMethodWorker.invokeTestMethods(TestMethodWorker.java:146)
at org.testng.internal.TestMethodWorker.run(TestMethodWorker.java:128)
at java.base/java.util.ArrayList.forEach(ArrayList.java:1511)
at org.testng.TestRunner.privateRun(TestRunner.java:794)
at org.testng.TestRunner.run(TestRunner.java:596)
at org.testng.SuiteRunner.runTest(SuiteRunner.java:377)
at org.testng.SuiteRunner.runSequentially(SuiteRunner.java:371)
at org.testng.SuiteRunner.privateRun(SuiteRunner.java:332)
at org.testng.SuiteRunner.run(SuiteRunner.java:276)
at org.testng.SuiteRunnerWorker.runSuite(SuiteRunnerWorker.java:53)
at org.testng.SuiteRunnerWorker.run(SuiteRunnerWorker.java:96)
at org.testng.TestNG.runSuitesSequentially(TestNG.java:1212)
at org.testng.TestNG.runSuitesLocally(TestNG.java:1134)
at org.testng.TestNG.runSuites(TestNG.java:1063)
at org.testng.TestNG.run(TestNG.java:1031)
at org.testng.remote.AbstractRemoteTestNG.run(AbstractRemoteTestNG.java:115)
at org.testng.remote.RemoteTestNG.initAndRun(RemoteTestNG.java:251)
at org.testng.remote.RemoteTestNG.main(RemoteTestNG.java:77)
]]>
    </error>
  </testcase> <!-- testLoginToggleButtonClick -->
  <system-out/>
  <testcase classname="fuelbuddyAutomationTest.RegistrationScreenTest" name="testNameFieldText" time="6.100">
    <error message="An element could not be located on the page using the given search parameters.
For documentation on this error, please visit: http://seleniumhq.org/exceptions/no_such_element.html
Build info: version: &#039;3.11.0&#039;, revision: &#039;e59cfb3&#039;, time: &#039;2018-03-11T20:26:55.152Z&#039;
System info: host: &#039;LIAM&#039;, ip: &#039;192.168.1.12&#039;, os.name: &#039;Windows 11&#039;, os.arch: &#039;amd64&#039;, os.version: &#039;10.0&#039;, java.version: &#039;17.0.10&#039;
Driver info: io.appium.java_client.android.AndroidDriver
Capabilities {app: C:\Users\liamh\Desktop\fuel..., appPackage: com.dcampion.fuelbuddy, automationName: UiAutomator2, databaseEnabled: false, desired: {app: C:\Users\liamh\Desktop\fuel..., automationName: UiAutomator2, deviceName: emulator-5554, platformName: android, platformVersion: 11.0}, deviceApiLevel: 30, deviceManufacturer: Google, deviceModel: sdk_gphone_x86, deviceName: emulator-5554, deviceScreenDensity: 560, deviceScreenSize: 1440x3120, deviceUDID: emulator-5554, javascriptEnabled: true, locationContextEnabled: false, networkConnectionEnabled: true, pixelRatio: 3.5, platform: LINUX, platformName: LINUX, platformVersion: 11, statBarHeight: 136, takesScreenshot: true, viewportRect: {height: 2984, left: 0, top: 136, width: 1440}, warnings: {}, webStorageEnabled: false}
Session ID: 94385957-d8a6-4d7b-a22e-7b02955db5f1
*** Element info: {Using=xpath, value=//android.widget.TextView[@text=&quot;Name&quot;]}" type="org.openqa.selenium.NoSuchElementException">
      <![CDATA[org.openqa.selenium.NoSuchElementException: An element could not be located on the page using the given search parameters.
For documentation on this error, please visit: http://seleniumhq.org/exceptions/no_such_element.html
Build info: version: '3.11.0', revision: 'e59cfb3', time: '2018-03-11T20:26:55.152Z'
System info: host: 'LIAM', ip: '192.168.1.12', os.name: 'Windows 11', os.arch: 'amd64', os.version: '10.0', java.version: '17.0.10'
Driver info: io.appium.java_client.android.AndroidDriver
Capabilities {app: C:\Users\liamh\Desktop\fuel..., appPackage: com.dcampion.fuelbuddy, automationName: UiAutomator2, databaseEnabled: false, desired: {app: C:\Users\liamh\Desktop\fuel..., automationName: UiAutomator2, deviceName: emulator-5554, platformName: android, platformVersion: 11.0}, deviceApiLevel: 30, deviceManufacturer: Google, deviceModel: sdk_gphone_x86, deviceName: emulator-5554, deviceScreenDensity: 560, deviceScreenSize: 1440x3120, deviceUDID: emulator-5554, javascriptEnabled: true, locationContextEnabled: false, networkConnectionEnabled: true, pixelRatio: 3.5, platform: LINUX, platformName: LINUX, platformVersion: 11, statBarHeight: 136, takesScreenshot: true, viewportRect: {height: 2984, left: 0, top: 136, width: 1440}, warnings: {}, webStorageEnabled: false}
Session ID: 94385957-d8a6-4d7b-a22e-7b02955db5f1
*** Element info: {Using=xpath, value=//android.widget.TextView[@text="Name"]}
at java.base/jdk.internal.reflect.NativeConstructorAccessorImpl.newInstance0(Native Method)
at java.base/jdk.internal.reflect.NativeConstructorAccessorImpl.newInstance(NativeConstructorAccessorImpl.java:77)
at java.base/jdk.internal.reflect.DelegatingConstructorAccessorImpl.newInstance(DelegatingConstructorAccessorImpl.java:45)
at java.base/java.lang.reflect.Constructor.newInstanceWithCaller(Constructor.java:499)
at java.base/java.lang.reflect.Constructor.newInstance(Constructor.java:480)
at org.openqa.selenium.remote.http.W3CHttpResponseCodec.createException(W3CHttpResponseCodec.java:187)
at org.openqa.selenium.remote.http.W3CHttpResponseCodec.decode(W3CHttpResponseCodec.java:122)
at org.openqa.selenium.remote.http.W3CHttpResponseCodec.decode(W3CHttpResponseCodec.java:49)
at org.openqa.selenium.remote.HttpCommandExecutor.execute(HttpCommandExecutor.java:160)
at io.appium.java_client.remote.AppiumCommandExecutor.execute(AppiumCommandExecutor.java:129)
at org.openqa.selenium.remote.RemoteWebDriver.execute(RemoteWebDriver.java:601)
at io.appium.java_client.DefaultGenericMobileDriver.execute(DefaultGenericMobileDriver.java:42)
at io.appium.java_client.AppiumDriver.execute(AppiumDriver.java:1)
at io.appium.java_client.android.AndroidDriver.execute(AndroidDriver.java:1)
at org.openqa.selenium.remote.RemoteWebDriver.findElement(RemoteWebDriver.java:371)
at io.appium.java_client.DefaultGenericMobileDriver.findElement(DefaultGenericMobileDriver.java:62)
at io.appium.java_client.AppiumDriver.findElement(AppiumDriver.java:1)
at io.appium.java_client.android.AndroidDriver.findElement(AndroidDriver.java:1)
at org.openqa.selenium.remote.RemoteWebDriver.findElementByXPath(RemoteWebDriver.java:473)
at io.appium.java_client.DefaultGenericMobileDriver.findElementByXPath(DefaultGenericMobileDriver.java:152)
at io.appium.java_client.AppiumDriver.findElementByXPath(AppiumDriver.java:1)
at io.appium.java_client.android.AndroidDriver.findElementByXPath(AndroidDriver.java:1)
at org.openqa.selenium.By$ByXPath.findElement(By.java:361)
at org.openqa.selenium.remote.RemoteWebDriver.findElement(RemoteWebDriver.java:363)
at io.appium.java_client.DefaultGenericMobileDriver.findElement(DefaultGenericMobileDriver.java:58)
at io.appium.java_client.AppiumDriver.findElement(AppiumDriver.java:1)
at io.appium.java_client.android.AndroidDriver.findElement(AndroidDriver.java:1)
at fuelbuddyAutomation.RegistrationScreen.getNameFieldText(RegistrationScreen.java:57)
at fuelbuddyAutomationTest.RegistrationScreenTest.testNameFieldText(RegistrationScreenTest.java:51)
at java.base/jdk.internal.reflect.NativeMethodAccessorImpl.invoke0(Native Method)
at java.base/jdk.internal.reflect.NativeMethodAccessorImpl.invoke(NativeMethodAccessorImpl.java:77)
at java.base/jdk.internal.reflect.DelegatingMethodAccessorImpl.invoke(DelegatingMethodAccessorImpl.java:43)
at java.base/java.lang.reflect.Method.invoke(Method.java:568)
at org.testng.internal.MethodInvocationHelper.invokeMethod(MethodInvocationHelper.java:133)
at org.testng.internal.TestInvoker.invokeMethod(TestInvoker.java:598)
at org.testng.internal.TestInvoker.invokeTestMethod(TestInvoker.java:173)
at org.testng.internal.MethodRunner.runInSequence(MethodRunner.java:46)
at org.testng.internal.TestInvoker$MethodInvocationAgent.invoke(TestInvoker.java:824)
at org.testng.internal.TestInvoker.invokeTestMethods(TestInvoker.java:146)
at org.testng.internal.TestMethodWorker.invokeTestMethods(TestMethodWorker.java:146)
at org.testng.internal.TestMethodWorker.run(TestMethodWorker.java:128)
at java.base/java.util.ArrayList.forEach(ArrayList.java:1511)
at org.testng.TestRunner.privateRun(TestRunner.java:794)
at org.testng.TestRunner.run(TestRunner.java:596)
at org.testng.SuiteRunner.runTest(SuiteRunner.java:377)
at org.testng.SuiteRunner.runSequentially(SuiteRunner.java:371)
at org.testng.SuiteRunner.privateRun(SuiteRunner.java:332)
at org.testng.SuiteRunner.run(SuiteRunner.java:276)
at org.testng.SuiteRunnerWorker.runSuite(SuiteRunnerWorker.java:53)
at org.testng.SuiteRunnerWorker.run(SuiteRunnerWorker.java:96)
at org.testng.TestNG.runSuitesSequentially(TestNG.java:1212)
at org.testng.TestNG.runSuitesLocally(TestNG.java:1134)
at org.testng.TestNG.runSuites(TestNG.java:1063)
at org.testng.TestNG.run(TestNG.java:1031)
at org.testng.remote.AbstractRemoteTestNG.run(AbstractRemoteTestNG.java:115)
at org.testng.remote.RemoteTestNG.initAndRun(RemoteTestNG.java:251)
at org.testng.remote.RemoteTestNG.main(RemoteTestNG.java:77)
]]>
    </error>
  </testcase> <!-- testNameFieldText -->
  <system-out/>
  <testcase classname="fuelbuddyAutomationTest.RegistrationScreenTest" name="testNameFieldDisplayed" time="6.743"/>
  <system-out/>
  <testcase classname="fuelbuddyAutomationTest.RegistrationScreenTest" name="testUsernameFieldText" time="6.618"/>
  <system-out/>
  <testcase classname="fuelbuddyAutomationTest.RegistrationScreenTest" name="testUsernameFieldDisplayed" time="6.105"/>
  <system-out/>
  <testcase classname="fuelbuddyAutomationTest.RegistrationScreenTest" name="testPhoneNumberFieldText" time="6.145"/>
  <system-out/>
  <testcase classname="fuelbuddyAutomationTest.RegistrationScreenTest" name="testPhoneNumberFieldDisplayed" time="6.036"/>
  <system-out/>
  <testcase classname="fuelbuddyAutomationTest.RegistrationScreenTest" name="testPhoneNumberPrefixFieldDisaplys" time="6.299"/>
  <system-out/>
  <testcase classname="fuelbuddyAutomationTest.RegistrationScreenTest" name="testPhoneNumberPrefixFieldText" time="6.136"/>
  <system-out/>
  <testcase classname="fuelbuddyAutomationTest.RegistrationScreenTest" name="testRegisterButtonDisplayed" time="6.017"/>
  <system-out/>
  <testcase classname="fuelbuddyAutomationTest.RegistrationScreenTest" name="testRegisterButtonText" time="6.124"/>
  <system-out/>
  <testcase classname="fuelbuddyAutomationTest.RegistrationScreenTest" name="testInvalidNameAndValidUsernameAndPhone" time="9.140"/>
  <system-out/>
  <testcase classname="fuelbuddyAutomationTest.RegistrationScreenTest" name="testBlankNameAndValidUsernameAndPhone" time="8.396"/>
  <system-out/>
  <testcase classname="fuelbuddyAutomationTest.RegistrationScreenTest" name="testValidNameAndInvalidUsernameAndPhone" time="8.970"/>
  <system-out/>
</testsuite> <!-- fuelbuddyAutomationTest.RegistrationScreenTest -->
