<?xml version="1.0" encoding="UTF-8"?>
<!-- Generated by org.testng.reporters.JUnitReportReporter -->
<testsuite hostname="Liam" failures="0" tests="3" name="fuelbuddyAutomationTest.RegistrationScreenTest" time="1.028" errors="0" timestamp="2024-03-02T15:18:01 GMT" skipped="0">
  <testcase classname="fuelbuddyAutomationTest.RegistrationScreenTest" name="testFuelBuddyLogo" time="0.055"/>
  <system-out/>
  <testcase classname="fuelbuddyAutomationTest.RegistrationScreenTest" name="testLoginToggleButtonDisplayed" time="0.049"/>
  <system-out/>
  <testcase classname="fuelbuddyAutomationTest.RegistrationScreenTest" name="testLoginToggleButtonClick" time="0.924"/>
  <system-out/>
</testsuite> <!-- fuelbuddyAutomationTest.RegistrationScreenTest -->
