<?xml version="1.0" encoding="UTF-8"?>
<!-- Generated by org.testng.reporters.JUnitReportReporter -->
<testsuite hostname="Liam" failures="0" tests="7" name="fuelbuddyAutomationTest.WelcomeScreenTest" time="37.253" errors="0" timestamp="2024-03-18T13:39:05 GMT" skipped="0">
  <testcase classname="fuelbuddyAutomationTest.WelcomeScreenTest" name="testFuelBuddyLogo" time="5.106"/>
  <system-out/>
  <testcase classname="fuelbuddyAutomationTest.WelcomeScreenTest" name="testWelcomeText" time="5.077"/>
  <system-out/>
  <testcase classname="fuelbuddyAutomationTest.WelcomeScreenTest" name="testWelcomeSloganText" time="5.244"/>
  <system-out/>
  <testcase classname="fuelbuddyAutomationTest.WelcomeScreenTest" name="testFuelStationImage" time="5.259"/>
  <system-out/>
  <testcase classname="fuelbuddyAutomationTest.WelcomeScreenTest" name="testGetStartedButtonDisplay" time="5.199"/>
  <system-out/>
  <testcase classname="fuelbuddyAutomationTest.WelcomeScreenTest" name="testGetStartedText" time="5.580"/>
  <system-out/>
  <testcase classname="fuelbuddyAutomationTest.WelcomeScreenTest" name="testClickGetStartedButton" time="5.788"/>
  <system-out/>
</testsuite> <!-- fuelbuddyAutomationTest.WelcomeScreenTest -->
