<?xml version="1.0" encoding="UTF-8"?>
<!-- Generated by org.testng.reporters.JUnitReportReporter -->
<testsuite hostname="Liam" failures="0" tests="20" name="fuelbuddyAutomationTest.RegistrationScreenTest" time="148.275" errors="2" timestamp="2024-04-01T18:02:58 IST" skipped="0">
  <testcase classname="fuelbuddyAutomationTest.RegistrationScreenTest" name="testFuelBuddyLogo" time="5.998"/>
  <system-out/>
  <testcase classname="fuelbuddyAutomationTest.RegistrationScreenTest" name="testLoginToggleButtonDisplayed" time="6.070"/>
  <system-out/>
  <testcase classname="fuelbuddyAutomationTest.RegistrationScreenTest" name="testLoginToggleButtonClick" time="6.933">
    <error message="Can not set io.appium.java_client.MobileElement field fuelbuddyAutomation.LoginScreen.getStartedButton to jdk.proxy2.$Proxy13" type="java.lang.IllegalArgumentException">
      <![CDATA[java.lang.IllegalArgumentException: Can not set io.appium.java_client.MobileElement field fuelbuddyAutomation.LoginScreen.getStartedButton to jdk.proxy2.$Proxy13
at java.base/jdk.internal.reflect.UnsafeFieldAccessorImpl.throwSetIllegalArgumentException(UnsafeFieldAccessorImpl.java:167)
at java.base/jdk.internal.reflect.UnsafeFieldAccessorImpl.throwSetIllegalArgumentException(UnsafeFieldAccessorImpl.java:171)
at java.base/jdk.internal.reflect.UnsafeObjectFieldAccessorImpl.set(UnsafeObjectFieldAccessorImpl.java:81)
at java.base/java.lang.reflect.Field.set(Field.java:799)
at org.openqa.selenium.support.PageFactory.proxyFields(PageFactory.java:117)
at org.openqa.selenium.support.PageFactory.initElements(PageFactory.java:105)
at org.openqa.selenium.support.PageFactory.initElements(PageFactory.java:92)
at org.openqa.selenium.support.PageFactory.initElements(PageFactory.java:79)
at fuelbuddyAutomation.LoginScreen.<init>(LoginScreen.java:21)
at fuelbuddyAutomationTest.RegistrationScreenTest.testLoginToggleButtonClick(RegistrationScreenTest.java:45)
at java.base/jdk.internal.reflect.NativeMethodAccessorImpl.invoke0(Native Method)
at java.base/jdk.internal.reflect.NativeMethodAccessorImpl.invoke(NativeMethodAccessorImpl.java:77)
at java.base/jdk.internal.reflect.DelegatingMethodAccessorImpl.invoke(DelegatingMethodAccessorImpl.java:43)
at java.base/java.lang.reflect.Method.invoke(Method.java:568)
at org.testng.internal.MethodInvocationHelper.invokeMethod(MethodInvocationHelper.java:133)
at org.testng.internal.TestInvoker.invokeMethod(TestInvoker.java:598)
at org.testng.internal.TestInvoker.invokeTestMethod(TestInvoker.java:173)
at org.testng.internal.MethodRunner.runInSequence(MethodRunner.java:46)
at org.testng.internal.TestInvoker$MethodInvocationAgent.invoke(TestInvoker.java:824)
at org.testng.internal.TestInvoker.invokeTestMethods(TestInvoker.java:146)
at org.testng.internal.TestMethodWorker.invokeTestMethods(TestMethodWorker.java:146)
at org.testng.internal.TestMethodWorker.run(TestMethodWorker.java:128)
at java.base/java.util.ArrayList.forEach(ArrayList.java:1511)
at org.testng.TestRunner.privateRun(TestRunner.java:794)
at org.testng.TestRunner.run(TestRunner.java:596)
at org.testng.SuiteRunner.runTest(SuiteRunner.java:377)
at org.testng.SuiteRunner.runSequentially(SuiteRunner.java:371)
at org.testng.SuiteRunner.privateRun(SuiteRunner.java:332)
at org.testng.SuiteRunner.run(SuiteRunner.java:276)
at org.testng.SuiteRunnerWorker.runSuite(SuiteRunnerWorker.java:53)
at org.testng.SuiteRunnerWorker.run(SuiteRunnerWorker.java:96)
at org.testng.TestNG.runSuitesSequentially(TestNG.java:1212)
at org.testng.TestNG.runSuitesLocally(TestNG.java:1134)
at org.testng.TestNG.runSuites(TestNG.java:1063)
at org.testng.TestNG.run(TestNG.java:1031)
at org.testng.remote.AbstractRemoteTestNG.run(AbstractRemoteTestNG.java:115)
at org.testng.remote.RemoteTestNG.initAndRun(RemoteTestNG.java:251)
at org.testng.remote.RemoteTestNG.main(RemoteTestNG.java:77)
]]>
    </error>
  </testcase> <!-- testLoginToggleButtonClick -->
  <system-out/>
  <testcase classname="fuelbuddyAutomationTest.RegistrationScreenTest" name="testNameFieldText" time="6.288"/>
  <system-out/>
  <testcase classname="fuelbuddyAutomationTest.RegistrationScreenTest" name="testNameFieldDisplayed" time="6.285"/>
  <system-out/>
  <testcase classname="fuelbuddyAutomationTest.RegistrationScreenTest" name="testUsernameFieldText" time="5.940"/>
  <system-out/>
  <testcase classname="fuelbuddyAutomationTest.RegistrationScreenTest" name="testUsernameFieldDisplayed" time="5.877"/>
  <system-out/>
  <testcase classname="fuelbuddyAutomationTest.RegistrationScreenTest" name="testPhoneNumberFieldText" time="6.045"/>
  <system-out/>
  <testcase classname="fuelbuddyAutomationTest.RegistrationScreenTest" name="testPhoneNumberFieldDisplayed" time="6.009"/>
  <system-out/>
  <testcase classname="fuelbuddyAutomationTest.RegistrationScreenTest" name="testPhoneNumberPrefixFieldDisaplys" time="6.369"/>
  <system-out/>
  <testcase classname="fuelbuddyAutomationTest.RegistrationScreenTest" name="testPhoneNumberPrefixFieldText" time="5.944"/>
  <system-out/>
  <testcase classname="fuelbuddyAutomationTest.RegistrationScreenTest" name="testRegisterButtonDisplayed" time="6.008"/>
  <system-out/>
  <testcase classname="fuelbuddyAutomationTest.RegistrationScreenTest" name="testRegisterButtonText" time="6.073"/>
  <system-out/>
  <testcase classname="fuelbuddyAutomationTest.RegistrationScreenTest" name="testInvalidName" time="8.863"/>
  <system-out/>
  <testcase classname="fuelbuddyAutomationTest.RegistrationScreenTest" name="testBlankName" time="8.143"/>
  <system-out/>
  <testcase classname="fuelbuddyAutomationTest.RegistrationScreenTest" name="testInvalidUnsername" time="8.553"/>
  <system-out/>
  <testcase classname="fuelbuddyAutomationTest.RegistrationScreenTest" name="testBlankUsername" time="8.161"/>
  <system-out/>
  <testcase classname="fuelbuddyAutomationTest.RegistrationScreenTest" name="testInvalidPhoneNumber" time="8.694"/>
  <system-out/>
  <testcase classname="fuelbuddyAutomationTest.RegistrationScreenTest" name="testBlankPhoneNumber" time="8.167"/>
  <system-out/>
  <testcase classname="fuelbuddyAutomationTest.RegistrationScreenTest" name="testAllValidCredentials" time="17.855">
    <error message="Expected condition failed: waiting for visibility of element located by By.xpath: //android.widget.TextView[@text=&quot;Verification Code&quot;] (tried for 10 second(s) with 500 milliseconds interval)" type="org.openqa.selenium.TimeoutException">
      <![CDATA[org.openqa.selenium.TimeoutException: Expected condition failed: waiting for visibility of element located by By.xpath: //android.widget.TextView[@text="Verification Code"] (tried for 10 second(s) with 500 milliseconds interval)
at org.openqa.selenium.support.ui.WebDriverWait.timeoutException(WebDriverWait.java:81)
at org.openqa.selenium.support.ui.FluentWait.until(FluentWait.java:271)
at fuelbuddyAutomationTest.RegistrationScreenTest.testAllValidCredentials(RegistrationScreenTest.java:197)
at java.base/jdk.internal.reflect.NativeMethodAccessorImpl.invoke0(Native Method)
at java.base/jdk.internal.reflect.NativeMethodAccessorImpl.invoke(NativeMethodAccessorImpl.java:77)
at java.base/jdk.internal.reflect.DelegatingMethodAccessorImpl.invoke(DelegatingMethodAccessorImpl.java:43)
at java.base/java.lang.reflect.Method.invoke(Method.java:568)
at org.testng.internal.MethodInvocationHelper.invokeMethod(MethodInvocationHelper.java:133)
at org.testng.internal.TestInvoker.invokeMethod(TestInvoker.java:598)
at org.testng.internal.TestInvoker.invokeTestMethod(TestInvoker.java:173)
at org.testng.internal.MethodRunner.runInSequence(MethodRunner.java:46)
at org.testng.internal.TestInvoker$MethodInvocationAgent.invoke(TestInvoker.java:824)
at org.testng.internal.TestInvoker.invokeTestMethods(TestInvoker.java:146)
at org.testng.internal.TestMethodWorker.invokeTestMethods(TestMethodWorker.java:146)
at org.testng.internal.TestMethodWorker.run(TestMethodWorker.java:128)
at java.base/java.util.ArrayList.forEach(ArrayList.java:1511)
at org.testng.TestRunner.privateRun(TestRunner.java:794)
at org.testng.TestRunner.run(TestRunner.java:596)
at org.testng.SuiteRunner.runTest(SuiteRunner.java:377)
at org.testng.SuiteRunner.runSequentially(SuiteRunner.java:371)
at org.testng.SuiteRunner.privateRun(SuiteRunner.java:332)
at org.testng.SuiteRunner.run(SuiteRunner.java:276)
at org.testng.SuiteRunnerWorker.runSuite(SuiteRunnerWorker.java:53)
at org.testng.SuiteRunnerWorker.run(SuiteRunnerWorker.java:96)
at org.testng.TestNG.runSuitesSequentially(TestNG.java:1212)
at org.testng.TestNG.runSuitesLocally(TestNG.java:1134)
at org.testng.TestNG.runSuites(TestNG.java:1063)
at org.testng.TestNG.run(TestNG.java:1031)
at org.testng.remote.AbstractRemoteTestNG.run(AbstractRemoteTestNG.java:115)
at org.testng.remote.RemoteTestNG.initAndRun(RemoteTestNG.java:251)
at org.testng.remote.RemoteTestNG.main(RemoteTestNG.java:77)
Caused by: org.openqa.selenium.NoSuchElementException: Cannot locate an element using By.xpath: //android.widget.TextView[@text="Verification Code"]
For documentation on this error, please visit: http://seleniumhq.org/exceptions/no_such_element.html
Build info: version: '3.11.0', revision: 'e59cfb3', time: '2018-03-11T20:26:55.152Z'
System info: host: 'LIAM', ip: '192.168.1.16', os.name: 'Windows 11', os.arch: 'amd64', os.version: '10.0', java.version: '17.0.10'
Driver info: driver.version: unknown
at org.openqa.selenium.support.ui.ExpectedConditions.lambda$findElement$0(ExpectedConditions.java:896)
at java.base/java.util.Optional.orElseThrow(Optional.java:403)
at org.openqa.selenium.support.ui.ExpectedConditions.findElement(ExpectedConditions.java:895)
at org.openqa.selenium.support.ui.ExpectedConditions.access$000(ExpectedConditions.java:44)
at org.openqa.selenium.support.ui.ExpectedConditions$7.apply(ExpectedConditions.java:206)
at org.openqa.selenium.support.ui.ExpectedConditions$7.apply(ExpectedConditions.java:202)
at org.openqa.selenium.support.ui.FluentWait.until(FluentWait.java:248)
... 29 more
]]>
    </error>
  </testcase> <!-- testAllValidCredentials -->
  <system-out/>
</testsuite> <!-- fuelbuddyAutomationTest.RegistrationScreenTest -->
