<?xml version="1.0" encoding="UTF-8"?>
<!-- Generated by org.testng.reporters.JUnitReportReporter -->
<testsuite hostname="Liam" failures="0" tests="7" name="fuelbuddyAutomationTest.WelcomeScreenTest" time="44.322" errors="0" timestamp="2024-02-21T20:42:45 GMT" skipped="0">
  <testcase classname="fuelbuddyAutomationTest.WelcomeScreenTest" name="testWelcomeText" time="6.205"/>
  <system-out/>
  <testcase classname="fuelbuddyAutomationTest.WelcomeScreenTest" name="testFuelBuddyLogo" time="6.196"/>
  <system-out/>
  <testcase classname="fuelbuddyAutomationTest.WelcomeScreenTest" name="testGetStartedButtonDisplay" time="6.133"/>
  <system-out/>
  <testcase classname="fuelbuddyAutomationTest.WelcomeScreenTest" name="testWelcomeSloganText" time="6.230"/>
  <system-out/>
  <testcase classname="fuelbuddyAutomationTest.WelcomeScreenTest" name="testClickGetStartedButton" time="7.168"/>
  <system-out/>
  <testcase classname="fuelbuddyAutomationTest.WelcomeScreenTest" name="testFuelStationImage" time="6.226"/>
  <system-out/>
  <testcase classname="fuelbuddyAutomationTest.WelcomeScreenTest" name="testGetStartedText" time="6.164"/>
  <system-out/>
</testsuite> <!-- fuelbuddyAutomationTest.WelcomeScreenTest -->
