<?xml version="1.0" encoding="UTF-8"?>
<!-- Generated by org.testng.reporters.JUnitReportReporter -->
<testsuite hostname="Liam" failures="0" tests="1" name="fuelbuddyAutomationTest.RegistrationScreenTest" time="1.065" errors="0" timestamp="2024-02-22T11:23:50 GMT" skipped="0">
  <testcase classname="fuelbuddyAutomationTest.RegistrationScreenTest" name="testFuelBuddyLogo" time="1.065"/>
  <system-out/>
</testsuite> <!-- fuelbuddyAutomationTest.RegistrationScreenTest -->
