<?xml version="1.0" encoding="UTF-8"?>
<!-- Generated by org.testng.reporters.JUnitReportReporter -->
<testsuite hostname="Liam" failures="0" tests="7" name="fuelbuddyAutomationTest.WelcomeScreenTest" time="43.686" errors="0" timestamp="2024-02-22T11:23:50 GMT" skipped="0">
  <testcase classname="fuelbuddyAutomationTest.WelcomeScreenTest" name="testGetStartedButtonDisplay" time="6.179"/>
  <system-out/>
  <testcase classname="fuelbuddyAutomationTest.WelcomeScreenTest" name="testWelcomeSloganText" time="6.140"/>
  <system-out/>
  <testcase classname="fuelbuddyAutomationTest.WelcomeScreenTest" name="testWelcomeText" time="6.131"/>
  <system-out/>
  <testcase classname="fuelbuddyAutomationTest.WelcomeScreenTest" name="testFuelStationImage" time="6.114"/>
  <system-out/>
  <testcase classname="fuelbuddyAutomationTest.WelcomeScreenTest" name="testGetStartedText" time="5.854"/>
  <system-out/>
  <testcase classname="fuelbuddyAutomationTest.WelcomeScreenTest" name="testFuelBuddyLogo" time="6.150"/>
  <system-out/>
  <testcase classname="fuelbuddyAutomationTest.WelcomeScreenTest" name="testClickGetStartedButton" time="7.118"/>
  <system-out/>
</testsuite> <!-- fuelbuddyAutomationTest.WelcomeScreenTest -->
