<?xml version="1.0" encoding="UTF-8"?>
<!-- Generated by org.testng.reporters.JUnitReportReporter -->
<testsuite hostname="Liam" failures="0" tests="7" name="fuelbuddyAutomationTest.WelcomeScreenTest" time="45.120" errors="0" timestamp="2024-03-03T18:28:33 GMT" skipped="0">
  <testcase classname="fuelbuddyAutomationTest.WelcomeScreenTest" name="testFuelBuddyLogo" time="6.441"/>
  <system-out/>
  <testcase classname="fuelbuddyAutomationTest.WelcomeScreenTest" name="testWelcomeText" time="6.495"/>
  <system-out/>
  <testcase classname="fuelbuddyAutomationTest.WelcomeScreenTest" name="testWelcomeSloganText" time="6.195"/>
  <system-out/>
  <testcase classname="fuelbuddyAutomationTest.WelcomeScreenTest" name="testFuelStationImage" time="6.376"/>
  <system-out/>
  <testcase classname="fuelbuddyAutomationTest.WelcomeScreenTest" name="testGetStartedButtonDisplay" time="6.122"/>
  <system-out/>
  <testcase classname="fuelbuddyAutomationTest.WelcomeScreenTest" name="testGetStartedText" time="6.486"/>
  <system-out/>
  <testcase classname="fuelbuddyAutomationTest.WelcomeScreenTest" name="testClickGetStartedButton" time="7.005"/>
  <system-out/>
</testsuite> <!-- fuelbuddyAutomationTest.WelcomeScreenTest -->
